Note: Line numbers for system and library calls may be incorrect 
Begin traceback...
Called from [func: (null)], at 0xef706c4c, args=0x2 0x0 0xef7d39fc 0xef803f80
Called from [func: _ntor_], at 0xb054, args=0x57 0x30 0xe91000 0xe90e88
Called from [func: _MAIN_], at 0x3654, args=0xffffffda 0x1950 0x6324 0x30
Called from [func: (null)], at 0xef780c38, args=0xffffffff 0x34fec 0x484106 0xe8000000
Called from [func: start], at 0x2064, args=0x0 0x10 0xeffffaf8 0x34000
End traceback...
Note: Line numbers for system and library calls may be incorrect 
Begin traceback...
Called from [func: (null)], at 0xef706c4c, args=0x2 0x0 0xef7d39fc 0xef803f80
Called from [func: _ntor_], at 0xb054, args=0xe1ce30 0xffffff30 0xe91000 0x386
Called from [func: _MAIN_], at 0x3654, args=0xe7fffeda 0x1410 0x4e94 0xffffff30
Called from [func: (null)], at 0xef780c38, args=0xb4aea0 0x34fec 0xe1eb0c 0xffffff97
Called from [func: start], at 0x2064, args=0x0 0x10 0xeffffaf8 0x34000
End traceback...
Note: Line numbers for system and library calls may be incorrect 
Begin traceback...
Called from [func: (null)], at 0xef706c4c, args=0x2 0x0 0xef7d39fc 0xef803f80
Called from [func: _ntor_], at 0xb054, args=0x2 0x0 0xe91000 0xe90e88
Called from [func: _MAIN_], at 0x3654, args=0xffffff92 0xde0 0x3658 0xffffffeb
Called from [func: (null)], at 0xef780c38, args=0xffffffff 0x34fec 0x484106 0xe8000000
Called from [func: start], at 0x2064, args=0x0 0x10 0xeffffaf8 0x34000
End traceback...
