Note: Line numbers for system and library calls may be incorrect 
Begin traceback...
Called from [func: (null)], at 0xf76b2c4c, args=0x2 0x0 0xf77939fc 0xf7803f80
Called from [func: _ntor_], at 0xa8f8, args=0x143d40 0xffffff88 0x390000 0x1
Called from [func: _MAIN_], at 0x3264, args=0xe7ffff1c 0x180 0x5e0 0xffffff88
Called from [func: (null)], at 0xf7740c38, args=0x8 0x460b8 0x1428bf 0x32f40
Called from [func: start], at 0x2064, args=0x0 0x10 0xf7fffbd8 0x32000
End traceback...
Note: Line numbers for system and library calls may be incorrect 
Begin traceback...
Called from [func: (null)], at 0xf76b2c4c, args=0x2 0x0 0xf77939fc 0xf7803f80
Called from [func: (null)], at 0xf76bb8e8, args=0x0 0x395140 0x1000 0x1
Called from [func: (null)], at 0xf777d944, args=0xf7721f80 0x0 0x3 0x0
Called from [func: (null)], at 0xf7780620, args=0x10001 0xf8326fb4 0xf77805b8 0x1
Called from [func: (null)], at 0xf777fcc4, args=0x38fee8 0x84 0x84 0xf777d8d4
Called from [func: (null)], at 0xf777f6b4, args=0x1f 0x84 0x0 0x38fee8
Called from [func: _reprf_], at 0x3f7c, args=0x0 0x38fee8 0x84 0xf779ece4
Called from [func: _MAIN_], at 0x2590, args=0x38fee7 0x365d8 0x5 0x32f98
Called from [func: (null)], at 0xf7740c38, args=0x0 0xf7721f94 0x1 0x2e000000
Called from [func: start], at 0x2064, args=0x0 0x10 0xf7fffbd8 0x32000
End traceback...
